Using pre-set license
Built from '2020.3/staging' branch; Version is '2020.3.16f1 (049d6eca3c44) revision 302446'; Using compiler version '192528614'; Build Type 'Release'
OS: 'Windows 10 Pro; OS build 19044.1645; Version 2009; 64bit' Language: 'es' Physical Memory: 24517 MB
BatchMode: 1, IsHumanControllingUs: 0, StartBugReporterOnCrash: 0, Is64bit: 1, IsPro: 0

 COMMAND LINE ARGUMENTS:
C:\Program Files\Unity\Hub\Editor\2020.3.16f1\Editor\Unity.exe
-adb2
-batchMode
-noUpm
-name
AssetImportWorker0
-projectPath
E:/UnityProjects/MnemoLab/MnemoLab
-logFile
Logs/AssetImportWorker0.log
-srvPort
50241
Successfully changed project path to: E:/UnityProjects/MnemoLab/MnemoLab
E:/UnityProjects/MnemoLab/MnemoLab
Using Asset Import Pipeline V2.
Refreshing native plugins compatible for Editor in 84.19 ms, found 10 plugins.
Preloading 1 native plugins for Editor in 1.56 ms.
Initialize engine version: 2020.3.16f1 (049d6eca3c44)
[Subsystems] Discovering subsystems at path C:/Program Files/Unity/Hub/Editor/2020.3.16f1/Editor/Data/Resources/UnitySubsystems
[Subsystems] Discovering subsystems at path E:/UnityProjects/MnemoLab/MnemoLab/Assets
GfxDevice: creating device client; threaded=0
Direct3D:
    Version:  Direct3D 11.0 [level 11.1]
    Renderer: NVIDIA GeForce GTX 1060 6GB (ID=0x1c03)
    Vendor:   
    VRAM:     6052 MB
    Driver:   30.0.14.9676
Initialize mono
Mono path[0] = 'C:/Program Files/Unity/Hub/Editor/2020.3.16f1/Editor/Data/Managed'
Mono path[1] = 'C:/Program Files/Unity/Hub/Editor/2020.3.16f1/Editor/Data/MonoBleedingEdge/lib/mono/unityjit'
Mono config path = 'C:/Program Files/Unity/Hub/Editor/2020.3.16f1/Editor/Data/MonoBleedingEdge/etc'
Using monoOptions --debugger-agent=transport=dt_socket,embedding=1,server=y,suspend=n,address=127.0.0.1:56640
Begin MonoManager ReloadAssembly
Registering precompiled unity dll's ...
Register platform support module: C:/Program Files/Unity/Hub/Editor/2020.3.16f1/Editor/Data/PlaybackEngines/WindowsStandaloneSupport/UnityEditor.WindowsStandalone.Extensions.dll
Registered in 0.004594 seconds.
Native extension for WindowsStandalone target not found
Refreshing native plugins compatible for Editor in 56.82 ms, found 10 plugins.
Preloading 1 native plugins for Editor in 0.06 ms.
Mono: successfully reloaded assembly
- Completed reload, in  1.680 seconds
Domain Reload Profiling:
	ReloadAssembly (1680ms)
		BeginReloadAssembly (86ms)
			ExecutionOrderSort (0ms)
			DisableScriptedObjects (0ms)
			BackupInstance (0ms)
			ReleaseScriptingObjects (0ms)
			CreateAndSetChildDomain (1ms)
		EndReloadAssembly (560ms)
			LoadAssemblies (82ms)
			RebuildTransferFunctionScriptingTraits (0ms)
			SetupTypeCache (197ms)
			ReleaseScriptCaches (0ms)
			RebuildScriptCaches (38ms)
			SetupLoadedEditorAssemblies (222ms)
				LogAssemblyErrors (0ms)
				InitializePlatformSupportModulesInManaged (5ms)
				SetLoadedEditorAssemblies (0ms)
				RefreshPlugins (57ms)
				BeforeProcessingInitializeOnLoad (22ms)
				ProcessInitializeOnLoadAttributes (100ms)
				ProcessInitializeOnLoadMethodAttributes (37ms)
				AfterProcessingInitializeOnLoad (0ms)
				EditorAssembliesLoaded (0ms)
			ExecutionOrderSort2 (0ms)
			AwakeInstancesAfterBackupRestoration (0ms)
Platform modules already initialized, skipping
Registering precompiled user dll's ...
Registered in 0.015340 seconds.
Begin MonoManager ReloadAssembly
Native extension for WindowsStandalone target not found
Refreshing native plugins compatible for Editor in 56.94 ms, found 10 plugins.
Preloading 1 native plugins for Editor in 0.07 ms.
[XR] OculusXRPlugin: registering subsystems
[XR] Unable to register display lifecyle provider: [1]
[XR] Oculus Input lifecycle provider registered.
[XR] Unable to register input lifecyle provider: [1]
System.Reflection.TargetInvocationException: Exception has been thrown by the target of an invocation. ---> System.NullReferenceException: Object reference not set to an instance of an object
  at Unity.XR.Oculus.OculusLoader.AssetPathToAbsolutePath (System.String assetPath) [0x00048] in E:\UnityProjects\My project\My project\Library\PackageCache\com.unity.xr.oculus@1.11.2\Runtime\OculusLoader.cs:250 
  at Unity.XR.Oculus.OculusLoader.EditorLoadOVRPlugin () [0x0007b] in E:\UnityProjects\My project\My project\Library\PackageCache\com.unity.xr.oculus@1.11.2\Runtime\OculusLoader.cs:235 
  at (wrapper managed-to-native) System.Reflection.MonoMethod.InternalInvoke(System.Reflection.MonoMethod,object,object[],System.Exception&)
  at System.Reflection.MonoMethod.Invoke (System.Object obj, System.Reflection.BindingFlags invokeAttr, System.Reflection.Binder binder, System.Object[] parameters, System.Globalization.CultureInfo culture) [0x00032] in <695d1cc93cca45069c528c15c9fdd749>:0 
   --- End of inner exception stack trace ---
  at System.Reflection.MonoMethod.Invoke (System.Object obj, System.Reflection.BindingFlags invokeAttr, System.Reflection.Binder binder, System.Object[] parameters, System.Globalization.CultureInfo culture) [0x00048] in <695d1cc93cca45069c528c15c9fdd749>:0 
  at System.Reflection.MethodBase.Invoke (System.Object obj, System.Object[] parameters) [0x00000] in <695d1cc93cca45069c528c15c9fdd749>:0 
  at UnityEditor.EditorAssemblies.ProcessInitializeOnLoadMethodAttributes () [0x00047] in <ef3b6bf002d8435a97b4e938f6c49b02>:0 
UnityEngine.StackTraceUtility:ExtractStackTrace ()
UnityEngine.DebugLogHandler:LogFormat (UnityEngine.LogType,UnityEngine.Object,string,object[])
UnityEngine.Logger:Log (UnityEngine.LogType,object)
UnityEngine.Debug:LogError (object)
UnityEditor.EditorAssemblies:ProcessInitializeOnLoadMethodAttributes ()

Mono: successfully reloaded assembly
- Completed reload, in  1.698 seconds
Domain Reload Profiling:
	ReloadAssembly (1699ms)
		BeginReloadAssembly (209ms)
			ExecutionOrderSort (0ms)
			DisableScriptedObjects (6ms)
			BackupInstance (0ms)
			ReleaseScriptingObjects (0ms)
			CreateAndSetChildDomain (25ms)
		EndReloadAssembly (1393ms)
			LoadAssemblies (153ms)
			RebuildTransferFunctionScriptingTraits (0ms)
			SetupTypeCache (406ms)
			ReleaseScriptCaches (1ms)
			RebuildScriptCaches (74ms)
			SetupLoadedEditorAssemblies (592ms)
				LogAssemblyErrors (0ms)
				InitializePlatformSupportModulesInManaged (5ms)
				SetLoadedEditorAssemblies (0ms)
				RefreshPlugins (57ms)
				BeforeProcessingInitializeOnLoad (125ms)
				ProcessInitializeOnLoadAttributes (352ms)
				ProcessInitializeOnLoadMethodAttributes (36ms)
				AfterProcessingInitializeOnLoad (17ms)
				EditorAssembliesLoaded (0ms)
			ExecutionOrderSort2 (0ms)
			AwakeInstancesAfterBackupRestoration (7ms)
Platform modules already initialized, skipping
========================================================================
Worker process is ready to serve import requests
Launched and connected shader compiler UnityShaderCompiler.exe after 0.06 seconds
Refreshing native plugins compatible for Editor in 0.97 ms, found 10 plugins.
Preloading 1 native plugins for Editor in 0.07 ms.
Unloading 2510 Unused Serialized files (Serialized files now loaded: 0)
System memory in use before: 104.3 MB.
System memory in use after: 104.5 MB.

Unloading 40 unused Assets to reduce memory usage. Loaded Objects now: 2930.
Total: 4.398300 ms (FindLiveObjects: 0.446300 ms CreateObjectMapping: 0.253800 ms MarkObjects: 3.611500 ms  DeleteObjects: 0.085600 ms)

AssetImportParameters requested are different than current active one (requested -> active):
  custom:framework-win-MediaFoundation: 216162199b28c13a410421893ffa2e32 -> 
  custom:video-decoder-ogg-theora: a1e56fd34408186e4bbccfd4996cb3dc -> 
  custom:container-muxer-webm: aa71ff27fc2769a1b78a27578f13a17b -> 
  custom:container-demuxer-webm: 4f35f7cbe854078d1ac9338744f61a02 -> 
  custom:container-demuxer-ogg: 62fdf1f143b41e24485cea50d1cbac27 -> 
  custom:video-encoder-webm-vp8: eb34c28f22e8b96e1ab97ce403110664 -> 
  custom:video-codec-MediaFoundation-h265: 746d11721c4dcdbdad8f713fa42b33f4 -> 
  custom:video-decoder-webm-vp8: 9c59270c3fd7afecdb556c50c9e8de78 -> 
  custom:audio-decoder-ogg-vorbis: bf7c407c2cedff20999df2af8eb42d56 -> 
  custom:audio-encoder-webm-vorbis: bf7c407c2cedff20999df2af8eb42d56 -> 
========================================================================
Received Import Request.
  path: Assets/Scenes/VRTesting.unity
  artifactKey: Guid(943ecab5b861de341a78e6f6c462c432) Importer(815301076,1909f56bfc062723c751e8b465ee728b)
Start importing Assets/Scenes/VRTesting.unity using Guid(943ecab5b861de341a78e6f6c462c432) Importer(815301076,1909f56bfc062723c751e8b465ee728b)  -> (artifact id: '752b0675a88829959587a8ee5d145b04') in 0.016342 seconds 
  Import took 0.021032 seconds .

========================================================================
Received Import Request.
  Time since last request: 22.363778 seconds.
  path: Assets/Scenes/VRTesting 1.unity
  artifactKey: Guid(61c0801b38c9bec4297253f77f3b50bb) Importer(815301076,1909f56bfc062723c751e8b465ee728b)
Start importing Assets/Scenes/VRTesting 1.unity using Guid(61c0801b38c9bec4297253f77f3b50bb) Importer(815301076,1909f56bfc062723c751e8b465ee728b)  -> (artifact id: 'd2f19cc8248ee81852210dd44f28005e') in 0.005733 seconds 
  Import took 0.011876 seconds .

========================================================================
Received Import Request.
  Time since last request: 2.877772 seconds.
  path: Assets/Scenes/Demo.unity
  artifactKey: Guid(61c0801b38c9bec4297253f77f3b50bb) Importer(815301076,1909f56bfc062723c751e8b465ee728b)
Start importing Assets/Scenes/Demo.unity using Guid(61c0801b38c9bec4297253f77f3b50bb) Importer(815301076,1909f56bfc062723c751e8b465ee728b)  -> (artifact id: '801649f58af6df2db57c19ab70f9a3ac') in 0.005496 seconds 
  Import took 0.010610 seconds .

========================================================================
Received Import Request.
  Time since last request: 39.262335 seconds.
  path: Assets/Models
  artifactKey: Guid(769ba8520296092448d4dc6f976265b8) Importer(815301076,1909f56bfc062723c751e8b465ee728b)
Start importing Assets/Models using Guid(769ba8520296092448d4dc6f976265b8) Importer(815301076,1909f56bfc062723c751e8b465ee728b)  -> (artifact id: 'cf839fb0ca1e407e8005ea3a8c28047d') in 0.005150 seconds 
  Import took 0.012412 seconds .

========================================================================
Received Import Request.
  Time since last request: 50.147352 seconds.
  path: Assets/Materials
  artifactKey: Guid(d9a8b2d3bcdfc354d8889f35fc7d1e3a) Importer(815301076,1909f56bfc062723c751e8b465ee728b)
Start importing Assets/Materials using Guid(d9a8b2d3bcdfc354d8889f35fc7d1e3a) Importer(815301076,1909f56bfc062723c751e8b465ee728b)  -> (artifact id: '53bc7260a51ceeb13f31e337c4e26fb9') in 0.005490 seconds 
  Import took 0.010715 seconds .

========================================================================
Received Import Request.
  Time since last request: 9.899754 seconds.
  path: Assets/Models/Placeholders
  artifactKey: Guid(d41b44b7452ffef4280efcdc0bd5386c) Importer(815301076,1909f56bfc062723c751e8b465ee728b)
Start importing Assets/Models/Placeholders using Guid(d41b44b7452ffef4280efcdc0bd5386c) Importer(815301076,1909f56bfc062723c751e8b465ee728b)  -> (artifact id: '8daf6506ab8299c3ce889d97c68e9519') in 0.006297 seconds 
  Import took 0.012117 seconds .

========================================================================
Received Import Request.
  Time since last request: 8.878494 seconds.
  path: Assets/Models/Placeholders/mapa.mnemo.0.21.fbx
  artifactKey: Guid(1aa5292c2f505134da41cb8e1f78cf04) Importer(815301076,1909f56bfc062723c751e8b465ee728b)
Start importing Assets/Models/Placeholders/mapa.mnemo.0.21.fbx using Guid(1aa5292c2f505134da41cb8e1f78cf04) Importer(815301076,1909f56bfc062723c751e8b465ee728b)  -> (artifact id: '75bd8d9df0d58f6ff85f477cb861625e') in 0.382173 seconds 
  Import took 0.388105 seconds .

AssetImportWorkerClient::OnTransportError - code=2 error=End of file
